<?xml version="1.0" encoding="UTF-8"?>
<testng-results ignored="0" total="1" passed="1" failed="0" skipped="0">
  <reporter-output>
  </reporter-output>
  <suite started-at="2024-09-19T13:49:59Z" name="Default suite" finished-at="2024-09-19T13:50:22Z" duration-ms="22163">
    <groups>
    </groups>
    <test started-at="2024-09-19T13:49:59Z" name="Default test" finished-at="2024-09-19T13:50:22Z" duration-ms="22163">
      <class name="rahulshettyacademy.AppiumBasics">
        <test-method is-config="true" signature="configureAppium()[pri:0, instance:rahulshettyacademy.AppiumBasics@31ff43be]" started-at="2024-09-19T13:49:59Z" name="configureAppium" finished-at="2024-09-19T13:50:09Z" duration-ms="9232" status="PASS">
          <reporter-output>
          </reporter-output>
        </test-method> <!-- configureAppium -->
        <test-method signature="WifiSettingsName()[pri:0, instance:rahulshettyacademy.AppiumBasics@31ff43be]" started-at="2024-09-19T13:50:09Z" name="WifiSettingsName" finished-at="2024-09-19T13:50:16Z" duration-ms="7635" status="PASS">
          <reporter-output>
          </reporter-output>
        </test-method> <!-- WifiSettingsName -->
        <test-method is-config="true" signature="tearDown()[pri:0, instance:rahulshettyacademy.AppiumBasics@31ff43be]" started-at="2024-09-19T13:50:16Z" name="tearDown" finished-at="2024-09-19T13:50:22Z" duration-ms="5286" status="PASS">
          <reporter-output>
          </reporter-output>
        </test-method> <!-- tearDown -->
      </class> <!-- rahulshettyacademy.AppiumBasics -->
    </test> <!-- Default test -->
  </suite> <!-- Default suite -->
</testng-results>
